<?xml version="1.0" encoding="UTF-8"?>
<!-- Generated by org.testng.reporters.JUnitXMLReporter -->
<testsuite hostname="Dell-Tamanna" name="IE_Browser" tests="1" failures="0" timestamp="29 Dec 2018 17:00:01 GMT" time="0.022" errors="0">
  <testcase name="@BeforeMethod setup" time="0.0" classname="org.testing.scripts.TC1">
    <failure type="java.lang.IllegalStateException" message="The driver executable does not exist: C:\Users\Tamanna Sharma\Desktop\IEDriverServer.exe">
      <![CDATA[java.lang.IllegalStateException: The driver executable does not exist: C:\Users\Tamanna Sharma\Desktop\IEDriverServer.exe
	at com.google.common.base.Preconditions.checkState(Preconditions.java:585)
	at org.openqa.selenium.remote.service.DriverService.checkExecutable(DriverService.java:146)
	at org.openqa.selenium.remote.service.DriverService.findExecutable(DriverService.java:141)
	at org.openqa.selenium.ie.InternetExplorerDriverService.access$000(InternetExplorerDriverService.java:35)
	at org.openqa.selenium.ie.InternetExplorerDriverService$Builder.findDefaultExecutable(InternetExplorerDriverService.java:175)
	at org.openqa.selenium.remote.service.DriverService$Builder.build(DriverService.java:355)
	at org.openqa.selenium.ie.InternetExplorerDriver.setupService(InternetExplorerDriver.java:281)
	at org.openqa.selenium.ie.InternetExplorerDriver.<init>(InternetExplorerDriver.java:211)
	at org.openqa.selenium.ie.InternetExplorerDriver.<init>(InternetExplorerDriver.java:150)
	at org.testing.base.Base_Mastbit.setup(Base_Mastbit.java:50)
... Removed 26 stack frames]]>
    </failure>
  </testcase> <!-- @BeforeMethod setup -->
  <testcase name="@AfterMethod teatdown" time="0.0" classname="org.testing.scripts.TC1">
    <skipped/>
  </testcase> <!-- @AfterMethod teatdown -->
  <testcase name="test1" time="0.002" classname="org.testing.scripts.TC1">
    <skipped/>
  </testcase> <!-- test1 -->
</testsuite> <!-- IE_Browser -->
